4/28/2021, 7:34:18 PM: Could not find record WSW, Zhang Weili as fighterOne, index 1
4/28/2021, 7:34:18 PM: Could not find record HW, Anthony Smith as fighterOne, index 4
4/28/2021, 7:34:18 PM: Could not find record FW, Tristan Connelly as fighterTwo, index 8
4/28/2021, 7:34:18 PM: Could not find record BW, Danaa Batgerel as fighterOne, index 9
4/28/2021, 7:34:18 PM: Could not find record LW, Kazula Vargas as fighterOne, index 10
4/28/2021, 7:34:18 PM: Could not find record FLW, Aori Qileng as fighterOne, index 11
4/28/2021, 7:34:18 PM: Could not find record WSW, Na Liang as fighterOne, index 12
4/28/2021, 7:34:18 PM: Could not find record MW, Abdul Razak Alhassan as fighterOne, index 15
4/28/2021, 7:34:18 PM: Could not find record WFLW, Tracy Cortez as fighterOne, index 16
4/28/2021, 7:34:18 PM: Could not find record LW, Alexander Munoz as fighterTwo, index 17
4/28/2021, 7:34:18 PM: Could not find record HW, Alexandr Romanov as fighterOne, index 18
4/28/2021, 7:34:18 PM: Could not find record WSW, Loopy Godinez as fighterTwo, index 19
4/28/2021, 7:34:18 PM: Could not find record LW, Dakota Bush as fighterTwo, index 21
4/28/2021, 7:34:18 PM: Could not find record MW, Sam Alvey as fighterOne, index 25
4/28/2021, 7:34:18 PM: Could not find record WSW, Nina Nunes as fighterOne, index 26
4/28/2021, 7:34:19 PM: Could not find record LW, Joe Solecki as fighterTwo, index 28
4/28/2021, 7:34:19 PM: Could not find record HW, Da-Un Jung as fighterOne, index 34
4/28/2021, 7:34:19 PM: Could not find record WW, Impa Kasanganay as fighterOne, index 35
4/28/2021, 7:34:19 PM: Could not find record BW, Sean O'Malley as fighterOne, index 38
4/28/2021, 7:34:19 PM: Could not find record HW, Alonzo Menifield as fighterOne, index 41
4/28/2021, 7:34:19 PM: Could not find record HW, Modestas Bukauskas as fighterOne, index 43
4/28/2021, 7:34:19 PM: Could not find record MW, Marc-Andre Barriault as fighterOne, index 45
4/28/2021, 7:34:19 PM: Could not find record WW, Song Kenan as fighterOne, index 47
4/28/2021, 7:34:19 PM: Could not find record HW, Misha Cirkunov as fighterOne, index 56
4/28/2021, 7:34:19 PM: Could not find record BW, Davey Grant as fighterTwo, index 58
4/28/2021, 7:34:19 PM: Could not find record HW, Jan Blachowicz as fighterOne, index 67
4/28/2021, 7:34:19 PM: Could not find record FW, Amanda Nunes as fighterOne, index 68
4/28/2021, 7:34:19 PM: Could not find record , Petr Yan as fighterOne, index 69
4/28/2021, 7:34:19 PM: Could not find record HW, Thiago Santos as fighterOne, index 71
4/28/2021, 7:34:19 PM: Could not find record FLW, Kai Kara-France as fighterTwo, index 75
4/28/2021, 7:34:19 PM: Could not find record FLW, Jordan Espinosa as fighterTwo, index 76
4/28/2021, 7:34:19 PM: Could not find record HW, Kennedy Nzechukwu as fighterOne, index 77
4/28/2021, 7:34:19 PM: Could not find record WSW, Livinha Souza as fighterOne, index 79
4/28/2021, 7:34:19 PM: Could not find record HW, Nikita Krylov as fighterOne, index 83
4/28/2021, 7:34:19 PM: Could not find record LW, Alexander Hernandez as fighterOne, index 86
4/28/2021, 7:34:19 PM: Could not find record BW, Vince Cachero as fighterOne, index 88
4/28/2021, 7:34:19 PM: Could not find record HW, Dustin Jacoby as fighterOne, index 89
4/28/2021, 7:34:19 PM: Could not find record HW, Aleksei Oleinik as fighterOne, index 93
4/28/2021, 7:34:19 PM: Could not find record WFLW, Shana Dobson as fighterOne, index 99
4/28/2021, 7:34:19 PM: Could not find record HW, Serghei Spivac as fighterOne, index 101
4/28/2021, 7:34:19 PM: Could not find record FW, Ricky Simon as fighterOne, index 105
4/28/2021, 7:34:19 PM: Could not find record WW, Dhiego Lima as fighterTwo, index 108
4/28/2021, 7:34:19 PM: Could not find record , Andre Ewell as fighterOne, index 110
4/28/2021, 7:34:19 PM: Could not find record WW, Gabe Green as fighterOne, index 111
4/28/2021, 7:34:19 PM: Could not find record HW, Alistair Overeem as fighterOne, index 112
4/28/2021, 7:34:19 PM: Could not find record LW, Diego Ferreira as fighterOne, index 116
4/28/2021, 7:34:19 PM: Could not find record HW, Mike Rodriguez as fighterOne, index 117
4/28/2021, 7:34:19 PM: Could not find record , Devonte Smith as fighterOne, index 118
4/28/2021, 7:34:19 PM: Could not find record FW, Timur Valiev as fighterOne, index 122
4/28/2021, 7:34:19 PM: Could not find record FW, Ode Osbourne as fighterOne, index 123
4/28/2021, 7:34:19 PM: Could not find record LW, Dan Hooker as fighterOne, index 125
4/28/2021, 7:34:19 PM: Could not find record MW, Antonio Carlos Junior as fighterTwo, index 130
4/28/2021, 7:34:19 PM: Could not find record HW, Khalil Rountree Jr. as fighterOne, index 132
4/28/2021, 7:34:19 PM: Could not find record , Nik Lentz as fighterOne, index 133
4/28/2021, 7:34:19 PM: Could not find record HW, Ike Villanueva as fighterOne, index 137
4/28/2021, 7:34:20 PM: Could not find record MW, Markus Perez as fighterTwo, index 144
4/28/2021, 7:34:20 PM: Could not find record FLW, Jerome Rivera as fighterTwo, index 145
4/28/2021, 7:34:20 PM: Could not find record WBW, Wu Yanan as fighterOne, index 154
4/28/2021, 7:34:20 PM: Could not find record WBW, Sarah Moras as fighterOne, index 157
4/28/2021, 7:34:20 PM: Could not find record FW, Jacob Kilburn as fighterOne, index 158
4/28/2021, 7:34:20 PM: Could not find record WW, Geoff Neal as fighterTwo, index 159
4/28/2021, 7:34:20 PM: Could not find record BW, Jose Aldo as fighterOne, index 160
4/28/2021, 7:34:20 PM: Could not find record WW, Anthony Pettis as fighterOne, index 164
4/28/2021, 7:34:20 PM: Could not find record , Deron Winn as fighterOne, index 166
4/28/2021, 7:34:20 PM: Could not find record , Christos Giagos as fighterOne, index 170
4/28/2021, 7:34:20 PM: Could not find record MW, Jacare Souza as fighterTwo, index 173
4/28/2021, 7:34:20 PM: Could not find record HW, Junior Dos Santos as fighterOne, index 174
4/28/2021, 7:34:20 PM: Could not find record FW, Peter Barrett as fighterTwo, index 179
4/28/2021, 7:34:20 PM: Could not find record HW, Ovince Saint Preux as fighterOne, index 181
4/28/2021, 7:34:20 PM: Could not find record HW, Roman Dolidze as fighterOne, index 183
4/28/2021, 7:34:20 PM: Could not find record LW, Matt Wiman as fighterOne, index 184
4/28/2021, 7:34:20 PM: Could not find record BW, Jose Quinonez as fighterTwo, index 185
4/28/2021, 7:34:20 PM: Could not find record HW, Anthony Smith as fighterOne, index 188
4/28/2021, 7:34:20 PM: Could not find record FW, Spike Carlyle as fighterOne, index 191
4/28/2021, 7:34:20 PM: Could not find record WBW, Ashlee Evans-Smith as fighterOne, index 192
4/28/2021, 7:34:20 PM: Could not find record FW, Jonathan Pearce as fighterOne, index 193
4/28/2021, 7:34:20 PM: Could not find record BW, Martin Day as fighterOne, index 194
4/28/2021, 7:34:20 PM: Could not find record WFLW, Rachael Ostovich as fighterTwo, index 195
4/28/2021, 7:34:20 PM: Could not find record , Luke Sanders as fighterOne, index 197
4/28/2021, 7:34:20 PM: Could not find record HW, Mauricio Rua as fighterOne, index 202
4/28/2021, 7:34:20 PM: Could not find record LW, Rafael Dos Anjos as fighterTwo, index 210
4/28/2021, 7:34:20 PM: Could not find record , Brendan Allen as fighterOne, index 213
4/28/2021, 7:34:20 PM: Could not find record BW, Geraldo de Freitas as fighterOne, index 216
4/28/2021, 7:34:20 PM: Could not find record WW, Rhys McKee as fighterTwo, index 217
4/28/2021, 7:34:20 PM: Could not find record HW, Don'Tale Mayes as fighterOne, index 218
4/28/2021, 7:34:20 PM: Could not find record HW, Thiago Santos as fighterOne, index 219
4/28/2021, 7:34:20 PM: Could not find record FW, Jamey Simmons as fighterTwo, index 222
4/28/2021, 7:34:20 PM: Could not find record MW, Bevon Lewis as fighterTwo, index 224
4/28/2021, 7:34:20 PM: Could not find record HW, Alexandr Romanov as fighterOne, index 225
4/28/2021, 7:34:20 PM: Could not find record FW, Eduardo Garagorri as fighterTwo, index 226
4/28/2021, 7:34:20 PM: Could not find record MW, Anderson Silva as fighterTwo, index 229
4/28/2021, 7:34:20 PM: Could not find record LW, Alexander Hernandez as fighterTwo, index 234
4/28/2021, 7:34:20 PM: Could not find record BW, Victor Rodriguez as fighterTwo, index 235
4/28/2021, 7:34:20 PM: Could not find record WW, Cole Williams as fighterOne, index 237
4/28/2021, 7:34:20 PM: Could not find record HW, Dustin Jacoby as fighterOne, index 238
4/28/2021, 7:34:20 PM: Could not find record LW, Khabib Nurmagomedov as fighterOne, index 240
4/28/2021, 7:34:20 PM: Could not find record HW, Magomed Ankalaev as fighterOne, index 245
4/28/2021, 7:34:20 PM: Could not find record HW, Stefan Struve as fighterOne, index 246
4/28/2021, 7:34:20 PM: Could not find record , Nathaniel Wood as fighterOne, index 247
4/28/2021, 7:34:20 PM: Could not find record FW, Chan Sung Jung as fighterTwo, index 251
4/28/2021, 7:34:20 PM: Could not find record HW, Jimmy Crute as fighterOne, index 253
4/28/2021, 7:34:20 PM: Could not find record FW, Thomas Almeida as fighterOne, index 255
4/28/2021, 7:34:20 PM: Could not find record MW, Junyong Park as fighterOne, index 258
4/28/2021, 7:34:20 PM: Could not find record HW, Gadzhimurad Antigulov as fighterOne, index 260
